<?xml version="1.0" encoding="UTF-8"?>
<!-- Generated by org.testng.reporters.JUnitReportReporter -->
<testsuite skipped="4" hostname="DESKTOP-LONV73D" name="class_Project.Amazon_Trail_testNg" tests="5" failures="0" timestamp="2023-01-20T15:32:55 IST" time="0.026" errors="1">
  <testcase name="BrowserClose" time="0.000" classname="class_Project.Amazon_Trail_testNg">
    <skipped/>
  </testcase> <!-- BrowserClose -->
  <system-out/>
  <testcase name="UserClickProduct" time="0.000" classname="class_Project.Amazon_Trail_testNg">
    <skipped/>
  </testcase> <!-- UserClickProduct -->
  <system-out/>
  <testcase name="dropDown" time="0.000" classname="class_Project.Amazon_Trail_testNg">
    <skipped/>
  </testcase> <!-- dropDown -->
  <system-out/>
  <testcase name="UserInput" time="0.000" classname="class_Project.Amazon_Trail_testNg">
    <skipped/>
  </testcase> <!-- UserInput -->
  <system-out/>
  <testcase name="browserLaunch" time="0.026" classname="class_Project.Amazon_Trail_testNg">
    <error type="java.lang.NoClassDefFoundError" message="org/apache/hc/core5/http/ClassicHttpRequest">
      <![CDATA[java.lang.NoClassDefFoundError: org/apache/hc/core5/http/ClassicHttpRequest
at class_Project.Amazon_Trail_testNg.browserLaunch(Amazon_Trail_testNg.java:31)
at sun.reflect.NativeMethodAccessorImpl.invoke0(Native Method)
at sun.reflect.NativeMethodAccessorImpl.invoke(NativeMethodAccessorImpl.java:62)
at sun.reflect.DelegatingMethodAccessorImpl.invoke(DelegatingMethodAccessorImpl.java:43)
at java.lang.reflect.Method.invoke(Method.java:498)
at org.testng.internal.MethodInvocationHelper.invokeMethod(MethodInvocationHelper.java:133)
at org.testng.internal.MethodInvocationHelper.invokeMethodConsideringTimeout(MethodInvocationHelper.java:62)
at org.testng.internal.ConfigInvoker.invokeConfigurationMethod(ConfigInvoker.java:385)
at org.testng.internal.ConfigInvoker.invokeConfigurations(ConfigInvoker.java:321)
at org.testng.TestRunner.invokeTestConfigurations(TestRunner.java:637)
at org.testng.TestRunner.beforeRun(TestRunner.java:627)
at org.testng.TestRunner.run(TestRunner.java:589)
at org.testng.SuiteRunner.runTest(SuiteRunner.java:377)
at org.testng.SuiteRunner.runSequentially(SuiteRunner.java:371)
at org.testng.SuiteRunner.privateRun(SuiteRunner.java:332)
at org.testng.SuiteRunner.run(SuiteRunner.java:276)
at org.testng.SuiteRunnerWorker.runSuite(SuiteRunnerWorker.java:53)
at org.testng.SuiteRunnerWorker.run(SuiteRunnerWorker.java:96)
at org.testng.TestNG.runSuitesSequentially(TestNG.java:1212)
at org.testng.TestNG.runSuitesLocally(TestNG.java:1134)
at org.testng.TestNG.runSuites(TestNG.java:1063)
at org.testng.TestNG.run(TestNG.java:1031)
at org.testng.remote.AbstractRemoteTestNG.run(AbstractRemoteTestNG.java:115)
at org.testng.remote.RemoteTestNG.initAndRun(RemoteTestNG.java:251)
at org.testng.remote.RemoteTestNG.main(RemoteTestNG.java:77)
Caused by: java.lang.ClassNotFoundException: org.apache.hc.core5.http.ClassicHttpRequest
at java.net.URLClassLoader.findClass(URLClassLoader.java:387)
at java.lang.ClassLoader.loadClass(ClassLoader.java:418)
at sun.misc.Launcher$AppClassLoader.loadClass(Launcher.java:355)
at java.lang.ClassLoader.loadClass(ClassLoader.java:351)
... 25 more
]]>
    </error>
  </testcase> <!-- browserLaunch -->
  <system-out/>
</testsuite> <!-- class_Project.Amazon_Trail_testNg -->
